<?xml version="1.0" encoding="UTF-8"?>
<!-- Generated by org.testng.reporters.JUnitXMLReporter -->
<testsuite hostname="DESKTOP-9APHSBC" ignored="0" name="Test" tests="3" failures="3" timestamp="03 Apr 2019 14:18:37 GMT" time="62.71" errors="0">
  <testcase name="verifyLogo" time="0.032" classname="com.global_mart.smoketest.HomePageTest">
    <failure type="java.lang.NullPointerException">
      <![CDATA[java.lang.NullPointerException
at com.global_mart.smoketest.HomePageTest.verifyLogo(HomePageTest.java:29)
... Removed 25 stack frames]]>
    </failure>
  </testcase> <!-- verifyLogo -->
  <testcase name="clickOnJustinWomenTest" time="0.549" classname="com.global_mart.smoketest.HomePageTest">
    <failure type="java.util.NoSuchElementException" message="is ot displayed">
      <![CDATA[java.util.NoSuchElementException: is ot displayed
at com.globalmart.genericpages.GenericMethods.click(GenericMethods.java:42)
at com.globalmart.genericpages.ApplicationGenericMethods.click(ApplicationGenericMethods.java:16)
at com.globalmart.objectrepository.HomePage.clickOnJustIn_Women(HomePage.java:57)
at com.global_mart.smoketest.HomePageTest.clickOnJustinWomenTest(HomePageTest.java:23)
... Removed 25 stack frames]]>
    </failure>
  </testcase> <!-- clickOnJustinWomenTest -->
  <testcase name="clickOnJustinDropDown" time="0.05" classname="com.global_mart.smoketest.HomePageTest">
    <failure type="java.lang.NullPointerException">
      <![CDATA[java.lang.NullPointerException
at com.globalmart.utilities.Utils.takeAScreenshot(Utils.java:18)
at com.globalmart.utilities.WebEventListener.onException(WebEventListener.java:56)
at org.openqa.selenium.support.events.EventFiringWebDriver$1.invoke(EventFiringWebDriver.java:86)
at com.sun.proxy.$Proxy6.onException(Unknown Source)
at org.openqa.selenium.support.events.EventFiringWebDriver$2.invoke(EventFiringWebDriver.java:111)
at com.sun.proxy.$Proxy7.getCurrentUrl(Unknown Source)
at org.openqa.selenium.support.events.EventFiringWebDriver.getCurrentUrl(EventFiringWebDriver.java:173)
at com.globalmart.genericpages.GenericMethods.click(GenericMethods.java:41)
at com.globalmart.genericpages.ApplicationGenericMethods.click(ApplicationGenericMethods.java:16)
at com.globalmart.objectrepository.HomePage.clickOnJustInDropdown(HomePage.java:53)
at com.global_mart.smoketest.HomePageTest.clickOnJustinDropDown(HomePageTest.java:17)
... Removed 29 stack frames]]>
    </failure>
  </testcase> <!-- clickOnJustinDropDown -->
</testsuite> <!-- Test -->
